                :-) GROMACS - gmx mdrun, 2023.3-conda_forge (-:

Copyright 1991-2023 The GROMACS Authors.
GROMACS is free software; you can redistribute it and/or modify it
under the terms of the GNU Lesser General Public License
as published by the Free Software Foundation; either version 2.1
of the License, or (at your option) any later version.

                         Current GROMACS contributors:
       Mark Abraham           Andrey Alekseenko           Cathrine Bergh      
      Christian Blau            Eliane Briand             Mahesh Doijade      
    Stefan Fleischmann           Vytas Gapsys              Gaurav Garg        
      Sergey Gorelov         Gilles Gouaillardet            Alan Gray         
     M. Eric Irrgang         Farzaneh Jalalypour            Joe Jordan        
    Christoph Junghans        Prashanth Kanduri          Sebastian Keller     
     Carsten Kutzner           Justin A. Lemkul          Magnus Lundborg      
       Pascal Merz              Vedran Miletic            Dmitry Morozov      
       Szilard Pall             Roland Schulz             Michael Shirts      
     Alexey Shvetsov            Balint Soproni         David van der Spoel    
      Philip Turner             Carsten Uphoff           Alessandra Villa     
 Sebastian Wingbermuehle        Artem Zhmurov       

                         Previous GROMACS contributors:
        Emile Apol             Rossen Apostolov           James Barnett       
  Herman J.C. Berendsen          Par Bjelkmar           Viacheslav Bolnykh    
        Kevin Boyd            Aldert van Buuren          Carlo Camilloni      
     Rudi van Drunen            Anton Feenstra           Oliver Fleetwood     
     Gerrit Groenhof            Bert de Groot             Anca Hamuraru       
    Vincent Hindriksen          Victor Holanda           Aleksei Iupinov      
   Dimitrios Karkoulis           Peter Kasson             Sebastian Kehl      
        Jiri Kraus               Per Larsson              Viveca Lindahl      
      Erik Marklund           Pieter Meulenhoff           Teemu Murtola       
       Sander Pronk             Alfons Sijbers            Peter Tieleman      
       Jon Vincent             Teemu Virolainen         Christian Wennberg    
       Maarten Wolf       

                  Coordinated by the GROMACS project leaders:
                    Paul Bauer, Berk Hess, and Erik Lindahl

GROMACS:      gmx mdrun, version 2023.3-conda_forge
Executable:   /Users/alejandraduran/opt/anaconda3/envs/md-intro-tutorial/bin.SSE2/gmx
Data prefix:  /Users/alejandraduran/opt/anaconda3/envs/md-intro-tutorial
Working dir:  /Users/alejandraduran/Documents/Pton_courses/CBE422/final_project/data
Process ID:   93625
Command line:
  gmx mdrun -ntmpi 1 -v -deffnm nvt

GROMACS version:    2023.3-conda_forge
Precision:          mixed
Memory model:       64 bit
MPI library:        thread_mpi
OpenMP support:     disabled
GPU support:        disabled
SIMD instructions:  SSE2
CPU FFT library:    fftw-3.3.10-sse2-avx
GPU FFT library:    none
Multi-GPU FFT:      none
RDTSCP usage:       disabled
TNG support:        enabled
Hwloc support:      disabled
Tracing support:    disabled
C compiler:         /Users/runner/miniforge3/conda-bld/gromacs_1701183883131/_build_env/bin/x86_64-apple-darwin13.4.0-clang Clang 16.0.6
C compiler flags:   -msse2 -Wno-unknown-pragmas -Wno-missing-field-initializers -O3 -DNDEBUG
C++ compiler:       /Users/runner/miniforge3/conda-bld/gromacs_1701183883131/_build_env/bin/x86_64-apple-darwin13.4.0-clang++ Clang 16.0.6
C++ compiler flags: -msse2 -Wno-unknown-pragmas -Wno-reserved-identifier -Wno-missing-field-initializers -Weverything -Wno-c++98-compat -Wno-c++98-compat-pedantic -Wno-source-uses-openmp -Wno-c++17-extensions -Wno-documentation-unknown-command -Wno-covered-switch-default -Wno-switch-enum -Wno-extra-semi-stmt -Wno-weak-vtables -Wno-shadow -Wno-padded -Wno-reserved-id-macro -Wno-double-promotion -Wno-exit-time-destructors -Wno-global-constructors -Wno-documentation -Wno-format-nonliteral -Wno-used-but-marked-unused -Wno-float-equal -Wno-conditional-uninitialized -Wno-conversion -Wno-disabled-macro-expansion -Wno-unused-macros -Wno-unsafe-buffer-usage -Wno-cast-function-type-strict -O3 -DNDEBUG
BLAS library:       External - detected on the system
LAPACK library:     External - detected on the system


Running on 1 node with total 0 processing units
Hardware detected on host dynamic-oit-vapornet100-10-9-57-210.princeton.edu:
  CPU info:
    Vendor: Intel
    Brand:  VirtualApple @ 2.50GHz
    Family: 6   Model: 44   Stepping: 0
    Features: aes apic clfsh cmov cx8 cx16 intel lahf mmx nonstop_tsc pclmuldq popcnt rdtscp sse2 sse3 sse4.1 sse4.2 ssse3
  Hardware topology: Only logical processor count
    CPU limit set by OS: -1   Recommended max number of threads: 8

Likely fastest SIMD instructions supported by all nodes: SSE4.1
SIMD instructions selected at compile time:              SSE2

The current CPU can measure timings more accurately than the code in
gmx mdrun was configured to use. This might affect your simulation
speed as accurate timings are needed for load-balancing.
Please consider rebuilding gmx mdrun with the GMX_USE_RDTSCP=ON CMake option.

++++ PLEASE READ AND CITE THE FOLLOWING REFERENCE ++++
M. J. Abraham, T. Murtola, R. Schulz, S. Páll, J. C. Smith, B. Hess, E.
Lindahl
GROMACS: High performance molecular simulations through multi-level
parallelism from laptops to supercomputers
SoftwareX 1 (2015) pp. 19-25
-------- -------- --- Thank You --- -------- --------


++++ PLEASE READ AND CITE THE FOLLOWING REFERENCE ++++
S. Páll, M. J. Abraham, C. Kutzner, B. Hess, E. Lindahl
Tackling Exascale Software Challenges in Molecular Dynamics Simulations with
GROMACS
In S. Markidis & E. Laure (Eds.), Solving Software Challenges for Exascale 8759 (2015) pp. 3-27
-------- -------- --- Thank You --- -------- --------


++++ PLEASE READ AND CITE THE FOLLOWING REFERENCE ++++
S. Pronk, S. Páll, R. Schulz, P. Larsson, P. Bjelkmar, R. Apostolov, M. R.
Shirts, J. C. Smith, P. M. Kasson, D. van der Spoel, B. Hess, and E. Lindahl
GROMACS 4.5: a high-throughput and highly parallel open source molecular
simulation toolkit
Bioinformatics 29 (2013) pp. 845-54
-------- -------- --- Thank You --- -------- --------


++++ PLEASE READ AND CITE THE FOLLOWING REFERENCE ++++
B. Hess and C. Kutzner and D. van der Spoel and E. Lindahl
GROMACS 4: Algorithms for highly efficient, load-balanced, and scalable
molecular simulation
J. Chem. Theory Comput. 4 (2008) pp. 435-447
-------- -------- --- Thank You --- -------- --------


++++ PLEASE READ AND CITE THE FOLLOWING REFERENCE ++++
D. van der Spoel, E. Lindahl, B. Hess, G. Groenhof, A. E. Mark and H. J. C.
Berendsen
GROMACS: Fast, Flexible and Free
J. Comp. Chem. 26 (2005) pp. 1701-1719
-------- -------- --- Thank You --- -------- --------


++++ PLEASE READ AND CITE THE FOLLOWING REFERENCE ++++
E. Lindahl and B. Hess and D. van der Spoel
GROMACS 3.0: A package for molecular simulation and trajectory analysis
J. Mol. Mod. 7 (2001) pp. 306-317
-------- -------- --- Thank You --- -------- --------


++++ PLEASE READ AND CITE THE FOLLOWING REFERENCE ++++
H. J. C. Berendsen, D. van der Spoel and R. van Drunen
GROMACS: A message-passing parallel molecular dynamics implementation
Comp. Phys. Comm. 91 (1995) pp. 43-56
-------- -------- --- Thank You --- -------- --------

Input Parameters:
   integrator                     = md
   tinit                          = 0
   dt                             = 0.002
   nsteps                         = 50000
   init-step                      = 0
   simulation-part                = 1
   mts                            = false
   comm-mode                      = Linear
   nstcomm                        = 100
   bd-fric                        = 0
   ld-seed                        = -1228998212
   emtol                          = 10
   emstep                         = 0.01
   niter                          = 20
   fcstep                         = 0
   nstcgsteep                     = 1000
   nbfgscorr                      = 10
   rtpi                           = 0.05
   nstxout                        = 0
   nstvout                        = 0
   nstfout                        = 0
   nstlog                         = 1000
   nstcalcenergy                  = 100
   nstenergy                      = 500
   nstxout-compressed             = 0
   compressed-x-precision         = 1000
   cutoff-scheme                  = Verlet
   nstlist                        = 10
   pbc                            = xyz
   periodic-molecules             = false
   verlet-buffer-tolerance        = 0.005
   rlist                          = 1.2
   coulombtype                    = PME
   coulomb-modifier               = Potential-shift
   rcoulomb-switch                = 0
   rcoulomb                       = 1.2
   epsilon-r                      = 1
   epsilon-rf                     = inf
   vdw-type                       = Cut-off
   vdw-modifier                   = Force-switch
   rvdw-switch                    = 1
   rvdw                           = 1.2
   DispCorr                       = No
   table-extension                = 1
   fourierspacing                 = 0.15
   fourier-nx                     = 56
   fourier-ny                     = 56
   fourier-nz                     = 56
   pme-order                      = 4
   ewald-rtol                     = 1e-05
   ewald-rtol-lj                  = 0.001
   lj-pme-comb-rule               = Geometric
   ewald-geometry                 = 3d
   epsilon-surface                = 0
   ensemble-temperature-setting   = constant
   ensemble-temperature           = 300
   tcoupl                         = V-rescale
   nsttcouple                     = 100
   nh-chain-length                = 0
   print-nose-hoover-chain-variables = false
   pcoupl                         = No
   pcoupltype                     = Isotropic
   nstpcouple                     = -1
   tau-p                          = 1
   compressibility (3x3):
      compressibility[    0]={ 0.00000e+00,  0.00000e+00,  0.00000e+00}
      compressibility[    1]={ 0.00000e+00,  0.00000e+00,  0.00000e+00}
      compressibility[    2]={ 0.00000e+00,  0.00000e+00,  0.00000e+00}
   ref-p (3x3):
      ref-p[    0]={ 0.00000e+00,  0.00000e+00,  0.00000e+00}
      ref-p[    1]={ 0.00000e+00,  0.00000e+00,  0.00000e+00}
      ref-p[    2]={ 0.00000e+00,  0.00000e+00,  0.00000e+00}
   refcoord-scaling               = No
   posres-com (3):
      posres-com[0]= 0.00000e+00
      posres-com[1]= 0.00000e+00
      posres-com[2]= 0.00000e+00
   posres-comB (3):
      posres-comB[0]= 0.00000e+00
      posres-comB[1]= 0.00000e+00
      posres-comB[2]= 0.00000e+00
   QMMM                           = false
qm-opts:
   ngQM                           = 0
   constraint-algorithm           = Lincs
   continuation                   = false
   Shake-SOR                      = false
   shake-tol                      = 0.0001
   lincs-order                    = 4
   lincs-iter                     = 1
   lincs-warnangle                = 30
   nwall                          = 0
   wall-type                      = 9-3
   wall-r-linpot                  = -1
   wall-atomtype[0]               = -1
   wall-atomtype[1]               = -1
   wall-density[0]                = 0
   wall-density[1]                = 0
   wall-ewald-zfac                = 3
   pull                           = false
   awh                            = false
   rotation                       = false
   interactiveMD                  = false
   disre                          = No
   disre-weighting                = Conservative
   disre-mixed                    = false
   dr-fc                          = 1000
   dr-tau                         = 0
   nstdisreout                    = 100
   orire-fc                       = 0
   orire-tau                      = 0
   nstorireout                    = 100
   free-energy                    = no
   cos-acceleration               = 0
   deform (3x3):
      deform[    0]={ 0.00000e+00,  0.00000e+00,  0.00000e+00}
      deform[    1]={ 0.00000e+00,  0.00000e+00,  0.00000e+00}
      deform[    2]={ 0.00000e+00,  0.00000e+00,  0.00000e+00}
   simulated-tempering            = false
   swapcoords                     = no
   userint1                       = 0
   userint2                       = 0
   userint3                       = 0
   userint4                       = 0
   userreal1                      = 0
   userreal2                      = 0
   userreal3                      = 0
   userreal4                      = 0
   applied-forces:
     electric-field:
       x:
         E0                       = 0
         omega                    = 0
         t0                       = 0
         sigma                    = 0
       y:
         E0                       = 0
         omega                    = 0
         t0                       = 0
         sigma                    = 0
       z:
         E0                       = 0
         omega                    = 0
         t0                       = 0
         sigma                    = 0
     density-guided-simulation:
       active                     = false
       group                      = protein
       similarity-measure         = inner-product
       atom-spreading-weight      = unity
       force-constant             = 1e+09
       gaussian-transform-spreading-width = 0.2
       gaussian-transform-spreading-range-in-multiples-of-width = 4
       reference-density-filename = reference.mrc
       nst                        = 1
       normalize-densities        = true
       adaptive-force-scaling     = false
       adaptive-force-scaling-time-constant = 4
       shift-vector               = 
       transformation-matrix      = 
     qmmm-cp2k:
       active                     = false
       qmgroup                    = System
       qmmethod                   = PBE
       qmfilenames                = 
       qmcharge                   = 0
       qmmultiplicity             = 1
grpopts:
   nrdf:       81509
   ref-t:         300
   tau-t:           1
annealing:          No
annealing-npoints:           0
   acc:	           0           0           0
   nfreeze:           N           N           N
   energygrp-flags[  0]: 0

Changing nstlist from 10 to 80, rlist from 1.2 to 1.316


Initializing Domain Decomposition on 1 ranks
Dynamic load balancing: auto
Using update groups, nr 14015, average size 2.8 atoms, max. radius 0.139 nm
Minimum cell size due to atom displacement: 0.557 nm
Initial maximum distances in bonded interactions:
    two-body bonded interactions: 0.423 nm, LJ-14, atoms 1873 1881
  multi-body bonded interactions: 0.487 nm, CMAP Dih., atoms 1576 1602
Minimum cell size due to bonded interactions: 0.536 nm
Using 0 separate PME ranks because: there are too few total ranks for efficient splitting
Optimizing the DD grid for 1 cells with a minimum initial size of 0.557 nm
The maximum allowed number of cells is: X 12 Y 12 Z 10
Domain decomposition grid 1 x 1 x 1, separate PME ranks 0
PME domain decomposition: 1 x 1 x 1

The initial number of communication pulses is:
The initial domain decomposition cell size is:

The maximum allowed distance for atom groups involved in interactions is:
                 non-bonded interactions           1.594 nm
            two-body bonded interactions  (-rdd)   1.594 nm
          multi-body bonded interactions  (-rdd)   1.594 nm

When dynamic load balancing gets turned on, these settings will change to:
The maximum number of communication pulses is:
The minimum size for domain decomposition cells is 1.594 nm
The requested allowed shrink of DD cells (option -dds) is: 0.80
The allowed shrink of domain decomposition cells is:
The maximum allowed distance for atom groups involved in interactions is:
                 non-bonded interactions           1.594 nm
            two-body bonded interactions  (-rdd)   1.594 nm
          multi-body bonded interactions  (-rdd)   1.594 nm

Using 1 MPI thread
System total charge: 0.000
Will do PME sum in reciprocal space for electrostatic interactions.

++++ PLEASE READ AND CITE THE FOLLOWING REFERENCE ++++
U. Essmann, L. Perera, M. L. Berkowitz, T. Darden, H. Lee and L. G. Pedersen 
A smooth particle mesh Ewald method
J. Chem. Phys. 103 (1995) pp. 8577-8592
-------- -------- --- Thank You --- -------- --------

Using a Gaussian width (1/beta) of 0.384195 nm for Ewald
Potential shift: LJ r^-12: -2.648e-01 r^-6: -5.349e-01, Ewald -8.333e-06
Initialized non-bonded Coulomb Ewald tables, spacing: 1.02e-03 size: 1176

Generated table with 1158 data points for 1-4 COUL.
Tabscale = 500 points/nm
Generated table with 1158 data points for 1-4 LJ6.
Tabscale = 500 points/nm
Generated table with 1158 data points for 1-4 LJ12.
Tabscale = 500 points/nm


Using SIMD 4x4 nonbonded short-range kernels

Using a dual 4x4 pair-list setup updated with dynamic pruning:
  outer list: updated every 80 steps, buffer 0.116 nm, rlist 1.316 nm
  inner list: updated every 14 steps, buffer 0.003 nm, rlist 1.203 nm
At tolerance 0.005 kJ/mol/ps per atom, equivalent classical 1x1 list would be:
  outer list: updated every 80 steps, buffer 0.260 nm, rlist 1.460 nm
  inner list: updated every 14 steps, buffer 0.056 nm, rlist 1.256 nm

The non-bonded pair calculation algorithm tolerates a few missing pair interactions close to the cut-off. This can lead to a systematic overestimation of the pressure due to missing LJ interactions. The error in the average pressure due to missing LJ interactions is at most 0.17 bar.
The pressure error can be controlled by setting the environment variable GMX_VERLET_BUFFER_PRESSURE_TOLERANCE to the allowed error in units of bar.
Removing pbc first time

Linking all bonded interactions to atoms


Initializing LINear Constraint Solver

++++ PLEASE READ AND CITE THE FOLLOWING REFERENCE ++++
B. Hess and H. Bekker and H. J. C. Berendsen and J. G. E. M. Fraaije
LINCS: A Linear Constraint Solver for molecular simulations
J. Comp. Chem. 18 (1997) pp. 1463-1472
-------- -------- --- Thank You --- -------- --------

The number of constraints is 2179

++++ PLEASE READ AND CITE THE FOLLOWING REFERENCE ++++
S. Miyamoto and P. A. Kollman
SETTLE: An Analytical Version of the SHAKE and RATTLE Algorithms for Rigid
Water Models
J. Comp. Chem. 13 (1992) pp. 952-962
-------- -------- --- Thank You --- -------- --------


++++ PLEASE READ AND CITE THE FOLLOWING REFERENCE ++++
G. Bussi, D. Donadio and M. Parrinello
Canonical sampling through velocity rescaling
J. Chem. Phys. 126 (2007) pp. 014101
-------- -------- --- Thank You --- -------- --------

There are: 39600 Atoms

Atom distribution over 1 domains: av 39600 stddev 0 min 39600 max 39600

Constraining the starting coordinates (step 0)

Constraining the coordinates at t0-dt (step 0)
Center of mass motion removal mode is Linear
We have the following groups for center of mass motion removal:
  0:  rest
RMS relative constraint deviation after constraining: 3.12e-06
Initial temperature: 300.3 K

Started mdrun on rank 0 Wed Dec  6 01:03:02 2023

           Step           Time
              0        0.00000

   Energies (kJ/mol)
           Bond            U-B    Proper Dih.  Improper Dih.      CMAP Dih.
    9.05157e+02    3.09387e+03    5.42684e+03    1.57704e+02   -1.60591e+03
          LJ-14     Coulomb-14        LJ (SR)   Coulomb (SR)   Coul. recip.
    2.89781e+03    5.09290e+04    7.19274e+04   -7.51983e+05    3.37202e+03
 Position Rest.      Potential    Kinetic En.   Total Energy  Conserved En.
    1.04679e-03   -6.14879e+05    1.01774e+05   -5.13105e+05   -5.13105e+05
    Temperature Pressure (bar)   Constr. rmsd
    3.00350e+02   -3.64285e+03    3.10657e-06

           Step           Time
           1000        2.00000

   Energies (kJ/mol)
           Bond            U-B    Proper Dih.  Improper Dih.      CMAP Dih.
    2.82118e+03    8.38775e+03    6.23573e+03    4.68147e+02   -1.55976e+03
          LJ-14     Coulomb-14        LJ (SR)   Coulomb (SR)   Coul. recip.
    3.13669e+03    5.08318e+04    7.43307e+04   -7.02895e+05    1.86071e+03
 Position Rest.      Potential    Kinetic En.   Total Energy  Conserved En.
    1.09056e+03   -5.55292e+05    8.54267e+04   -4.69865e+05   -5.11948e+05
    Temperature Pressure (bar)   Constr. rmsd
    2.52106e+02   -8.02623e+02    2.58359e-06

           Step           Time
           2000        4.00000

   Energies (kJ/mol)
           Bond            U-B    Proper Dih.  Improper Dih.      CMAP Dih.
    3.21572e+03    9.24601e+03    6.49772e+03    5.64096e+02   -1.47396e+03
          LJ-14     Coulomb-14        LJ (SR)   Coulomb (SR)   Coul. recip.
    3.12119e+03    5.08433e+04    7.05476e+04   -6.86941e+05    2.04641e+03
 Position Rest.      Potential    Kinetic En.   Total Energy  Conserved En.
    1.12919e+03   -5.41204e+05    9.35225e+04   -4.47681e+05   -5.11908e+05
    Temperature Pressure (bar)   Constr. rmsd
    2.75998e+02   -6.78853e+02    2.80347e-06

           Step           Time
           3000        6.00000

   Energies (kJ/mol)
           Bond            U-B    Proper Dih.  Improper Dih.      CMAP Dih.
    3.48471e+03    9.22698e+03    6.49098e+03    5.72152e+02   -1.57164e+03
          LJ-14     Coulomb-14        LJ (SR)   Coulomb (SR)   Coul. recip.
    3.25918e+03    5.08528e+04    6.73344e+04   -6.76513e+05    2.09700e+03
 Position Rest.      Potential    Kinetic En.   Total Energy  Conserved En.
    1.11015e+03   -5.33657e+05    9.77330e+04   -4.35924e+05   -5.11901e+05
    Temperature Pressure (bar)   Constr. rmsd
    2.88424e+02   -1.80567e+02    2.85562e-06

           Step           Time
           4000        8.00000

   Energies (kJ/mol)
           Bond            U-B    Proper Dih.  Improper Dih.      CMAP Dih.
    3.59972e+03    9.72451e+03    6.55336e+03    5.91599e+02   -1.48859e+03
          LJ-14     Coulomb-14        LJ (SR)   Coulomb (SR)   Coul. recip.
    3.22175e+03    5.07864e+04    6.69434e+04   -6.72984e+05    2.06912e+03
 Position Rest.      Potential    Kinetic En.   Total Energy  Conserved En.
    1.18664e+03   -5.29797e+05    9.95377e+04   -4.30259e+05   -5.11846e+05
    Temperature Pressure (bar)   Constr. rmsd
    2.93750e+02   -5.46416e+02    3.03251e-06

           Step           Time
           5000       10.00000

   Energies (kJ/mol)
           Bond            U-B    Proper Dih.  Improper Dih.      CMAP Dih.
    3.53321e+03    9.72092e+03    6.52108e+03    6.43295e+02   -1.56665e+03
          LJ-14     Coulomb-14        LJ (SR)   Coulomb (SR)   Coul. recip.
    3.29545e+03    5.08272e+04    6.59327e+04   -6.71087e+05    2.08261e+03
 Position Rest.      Potential    Kinetic En.   Total Energy  Conserved En.
    1.15943e+03   -5.28937e+05    1.01303e+05   -4.27634e+05   -5.11867e+05
    Temperature Pressure (bar)   Constr. rmsd
    2.98960e+02   -3.20141e+02    3.13643e-06

           Step           Time
           6000       12.00000

   Energies (kJ/mol)
           Bond            U-B    Proper Dih.  Improper Dih.      CMAP Dih.
    3.59540e+03    9.81857e+03    6.54238e+03    6.22112e+02   -1.53456e+03
          LJ-14     Coulomb-14        LJ (SR)   Coulomb (SR)   Coul. recip.
    3.27499e+03    5.09665e+04    6.40398e+04   -6.68214e+05    2.05209e+03
 Position Rest.      Potential    Kinetic En.   Total Energy  Conserved En.
    1.19753e+03   -5.27639e+05    1.00927e+05   -4.26712e+05   -5.11834e+05
    Temperature Pressure (bar)   Constr. rmsd
    2.97851e+02    2.16661e+02    3.08825e-06

Writing checkpoint, step 6960 at Wed Dec  6 01:18:11 2023


           Step           Time
           7000       14.00000

   Energies (kJ/mol)
           Bond            U-B    Proper Dih.  Improper Dih.      CMAP Dih.
    3.50344e+03    9.91805e+03    6.45124e+03    6.33704e+02   -1.50889e+03
          LJ-14     Coulomb-14        LJ (SR)   Coulomb (SR)   Coul. recip.
    3.20896e+03    5.07604e+04    6.57501e+04   -6.69235e+05    2.12006e+03
 Position Rest.      Potential    Kinetic En.   Total Energy  Conserved En.
    1.19802e+03   -5.27200e+05    1.01909e+05   -4.25291e+05   -5.11849e+05
    Temperature Pressure (bar)   Constr. rmsd
    3.00748e+02   -1.18691e+02    2.93462e-06

           Step           Time
           8000       16.00000

   Energies (kJ/mol)
           Bond            U-B    Proper Dih.  Improper Dih.      CMAP Dih.
    3.59011e+03    9.90906e+03    6.45210e+03    5.85382e+02   -1.54905e+03
          LJ-14     Coulomb-14        LJ (SR)   Coulomb (SR)   Coul. recip.
    3.21138e+03    5.05978e+04    6.36157e+04   -6.66063e+05    2.11540e+03
 Position Rest.      Potential    Kinetic En.   Total Energy  Conserved En.
    1.02184e+03   -5.26513e+05    1.02412e+05   -4.24101e+05   -5.11835e+05
    Temperature Pressure (bar)   Constr. rmsd
    3.02234e+02   -5.56390e+02    3.07979e-06

           Step           Time
           9000       18.00000

   Energies (kJ/mol)
           Bond            U-B    Proper Dih.  Improper Dih.      CMAP Dih.
    3.49716e+03    9.92635e+03    6.44587e+03    6.25016e+02   -1.54649e+03
          LJ-14     Coulomb-14        LJ (SR)   Coulomb (SR)   Coul. recip.
    3.17986e+03    5.06992e+04    6.46242e+04   -6.67058e+05    2.13264e+03
 Position Rest.      Potential    Kinetic En.   Total Energy  Conserved En.
    1.15996e+03   -5.26314e+05    1.01685e+05   -4.24629e+05   -5.11801e+05
    Temperature Pressure (bar)   Constr. rmsd
    3.00087e+02   -1.34354e+02    3.31445e-06

           Step           Time
          10000       20.00000

   Energies (kJ/mol)
           Bond            U-B    Proper Dih.  Improper Dih.      CMAP Dih.
    3.47342e+03    1.01555e+04    6.37365e+03    5.72469e+02   -1.56218e+03
          LJ-14     Coulomb-14        LJ (SR)   Coulomb (SR)   Coul. recip.
    3.29334e+03    5.09311e+04    6.57594e+04   -6.68013e+05    2.03225e+03
 Position Rest.      Potential    Kinetic En.   Total Energy  Conserved En.
    1.10029e+03   -5.25883e+05    1.01974e+05   -4.23909e+05   -5.11779e+05
    Temperature Pressure (bar)   Constr. rmsd
    3.00941e+02    3.46001e+02    3.29839e-06

           Step           Time
          11000       22.00000

   Energies (kJ/mol)
           Bond            U-B    Proper Dih.  Improper Dih.      CMAP Dih.
    3.50090e+03    9.78856e+03    6.51073e+03    6.20827e+02   -1.56194e+03
          LJ-14     Coulomb-14        LJ (SR)   Coulomb (SR)   Coul. recip.
    3.26412e+03    5.07860e+04    6.52424e+04   -6.66748e+05    2.07795e+03
 Position Rest.      Potential    Kinetic En.   Total Energy  Conserved En.
    1.12924e+03   -5.25390e+05    1.01699e+05   -4.23690e+05   -5.11774e+05
    Temperature Pressure (bar)   Constr. rmsd
    3.00130e+02   -1.34919e+02    3.22886e-06

           Step           Time
          12000       24.00000

   Energies (kJ/mol)
           Bond            U-B    Proper Dih.  Improper Dih.      CMAP Dih.
    3.46726e+03    9.92722e+03    6.56816e+03    6.03438e+02   -1.49337e+03
          LJ-14     Coulomb-14        LJ (SR)   Coulomb (SR)   Coul. recip.
    3.24806e+03    5.10230e+04    6.47273e+04   -6.68105e+05    2.06533e+03
 Position Rest.      Potential    Kinetic En.   Total Energy  Conserved En.
    1.11235e+03   -5.26856e+05    1.02276e+05   -4.24580e+05   -5.11738e+05
    Temperature Pressure (bar)   Constr. rmsd
    3.01831e+02   -3.28521e+02    3.19734e-06

           Step           Time
          13000       26.00000

   Energies (kJ/mol)
           Bond            U-B    Proper Dih.  Improper Dih.      CMAP Dih.
    3.70326e+03    1.02014e+04    6.50441e+03    6.32537e+02   -1.54922e+03
          LJ-14     Coulomb-14        LJ (SR)   Coulomb (SR)   Coul. recip.
    3.30708e+03    5.07646e+04    6.52113e+04   -6.67961e+05    2.11401e+03
 Position Rest.      Potential    Kinetic En.   Total Energy  Conserved En.
    1.16367e+03   -5.25908e+05    1.02207e+05   -4.23701e+05   -5.11701e+05
    Temperature Pressure (bar)   Constr. rmsd
    3.01627e+02    3.24470e+02    3.31515e-06

           Step           Time
          14000       28.00000

   Energies (kJ/mol)
           Bond            U-B    Proper Dih.  Improper Dih.      CMAP Dih.
    3.44063e+03    9.99808e+03    6.53459e+03    5.72259e+02   -1.53018e+03
          LJ-14     Coulomb-14        LJ (SR)   Coulomb (SR)   Coul. recip.
    3.20277e+03    5.08700e+04    6.43159e+04   -6.66535e+05    2.10303e+03
 Position Rest.      Potential    Kinetic En.   Total Energy  Conserved En.
    1.18671e+03   -5.25841e+05    1.01494e+05   -4.24347e+05   -5.11707e+05
    Temperature Pressure (bar)   Constr. rmsd
    2.99525e+02   -1.97524e+02    3.23369e-06

Writing checkpoint, step 14720 at Wed Dec  6 01:33:05 2023


           Step           Time
          15000       30.00000

   Energies (kJ/mol)
           Bond            U-B    Proper Dih.  Improper Dih.      CMAP Dih.
    3.45710e+03    9.97705e+03    6.54804e+03    6.26992e+02   -1.49029e+03
          LJ-14     Coulomb-14        LJ (SR)   Coulomb (SR)   Coul. recip.
    3.18979e+03    5.05716e+04    6.67075e+04   -6.69000e+05    2.03334e+03
 Position Rest.      Potential    Kinetic En.   Total Energy  Conserved En.
    1.14018e+03   -5.26239e+05    1.01811e+05   -4.24428e+05   -5.11682e+05
    Temperature Pressure (bar)   Constr. rmsd
    3.00460e+02   -3.82982e+02    3.06717e-06

